# JRE version: OpenJDK Runtime Environment (8.0_242-b01) (build 1.8.0_242-release-1644-b01)
# Java VM: OpenJDK 64-Bit Server VM (25.242-b01 mixed mode windows-amd64 compressed oops)
Heap:
 PSYoungGen      total 648704K, used 7254K [0x00000000d5580000, 0x00000000ffa80000, 0x0000000100000000)
  eden space 604160K, 0% used [0x00000000d5580000,0x00000000d5580000,0x00000000fa380000)
  from space 44544K, 16% used [0x00000000fcf00000,0x00000000fd615858,0x00000000ffa80000)
  to   space 11264K, 0% used [0x00000000fa380000,0x00000000fa380000,0x00000000fae80000)
 ParOldGen       total 634880K, used 505099K [0x0000000080000000, 0x00000000a6c00000, 0x00000000d5580000)
  object space 634880K, 79% used [0x0000000080000000,0x000000009ed42ca8,0x00000000a6c00000)
 Metaspace       used 272843K, capacity 285685K, committed 287064K, reserved 1300480K
  class space    used 31780K, capacity 34112K, committed 35456K, reserved 1048576K
GC Heap History (10 events):
Event: 30591.524 GC heap before
{Heap before GC invocations=523 (full 26):
 PSYoungGen      total 652288K, used 610168K [0x00000000d5580000, 0x0000000100000000, 0x0000000100000000)
  eden space 604160K, 100% used [0x00000000d5580000,0x00000000fa380000,0x00000000fa380000)
  from space 48128K, 12% used [0x00000000fd100000,0x00000000fd6de3c8,0x0000000100000000)
  to   space 46592K, 0% used [0x00000000fa380000,0x00000000fa380000,0x00000000fd100000)
 ParOldGen       total 634880K, used 476924K [0x0000000080000000, 0x00000000a6c00000, 0x00000000d5580000)
  object space 634880K, 75% used [0x0000000080000000,0x000000009d1bf210,0x00000000a6c00000)
 Metaspace       used 272802K, capacity 285654K, committed 287064K, reserved 1300480K
  class space    used 31772K, capacity 34101K, committed 35456K, reserved 1048576K
Event: 30591.547 GC heap after
Heap after GC invocations=523 (full 26):
 PSYoungGen      total 615424K, used 10837K [0x00000000d5580000, 0x00000000ffa80000, 0x0000000100000000)
  eden space 604160K, 0% used [0x00000000d5580000,0x00000000d5580000,0x00000000fa380000)
  from space 11264K, 96% used [0x00000000fa380000,0x00000000fae154f8,0x00000000fae80000)
  to   space 44544K, 0% used [0x00000000fcf00000,0x00000000fcf00000,0x00000000ffa80000)
 ParOldGen       total 634880K, used 481563K [0x0000000080000000, 0x00000000a6c00000, 0x00000000d5580000)
  object space 634880K, 75% used [0x0000000080000000,0x000000009d646dd8,0x00000000a6c00000)
 Metaspace       used 272802K, capacity 285654K, committed 287064K, reserved 1300480K
  class space    used 31772K, capacity 34101K, committed 35456K, reserved 1048576K
}
Event: 30591.844 GC heap before
{Heap before GC invocations=524 (full 26):
 PSYoungGen      total 615424K, used 614997K [0x00000000d5580000, 0x00000000ffa80000, 0x0000000100000000)
  eden space 604160K, 100% used [0x00000000d5580000,0x00000000fa380000,0x00000000fa380000)
  from space 11264K, 96% used [0x00000000fa380000,0x00000000fae154f8,0x00000000fae80000)
  to   space 44544K, 0% used [0x00000000fcf00000,0x00000000fcf00000,0x00000000ffa80000)
 ParOldGen       total 634880K, used 481563K [0x0000000080000000, 0x00000000a6c00000, 0x00000000d5580000)
  object space 634880K, 75% used [0x0000000080000000,0x000000009d646dd8,0x00000000a6c00000)
 Metaspace       used 272803K, capacity 285654K, committed 287064K, reserved 1300480K
  class space    used 31772K, capacity 34101K, committed 35456K, reserved 1048576K
Event: 30591.866 GC heap after
Heap after GC invocations=524 (full 26):
 PSYoungGen      total 648704K, used 9552K [0x00000000d5580000, 0x00000000ffa80000, 0x0000000100000000)
  eden space 604160K, 0% used [0x00000000d5580000,0x00000000d5580000,0x00000000fa380000)
  from space 44544K, 21% used [0x00000000fcf00000,0x00000000fd854148,0x00000000ffa80000)
  to   space 11264K, 0% used [0x00000000fa380000,0x00000000fa380000,0x00000000fae80000)
 ParOldGen       total 634880K, used 488943K [0x0000000080000000, 0x00000000a6c00000, 0x00000000d5580000)
  object space 634880K, 77% used [0x0000000080000000,0x000000009dd7bde8,0x00000000a6c00000)
 Metaspace       used 272803K, capacity 285654K, committed 287064K, reserved 1300480K
  class space    used 31772K, capacity 34101K, committed 35456K, reserved 1048576K
}
Event: 30592.115 GC heap before
{Heap before GC invocations=525 (full 26):
 PSYoungGen      total 648704K, used 613712K [0x00000000d5580000, 0x00000000ffa80000, 0x0000000100000000)
  eden space 604160K, 100% used [0x00000000d5580000,0x00000000fa380000,0x00000000fa380000)
  from space 44544K, 21% used [0x00000000fcf00000,0x00000000fd854148,0x00000000ffa80000)
  to   space 11264K, 0% used [0x00000000fa380000,0x00000000fa380000,0x00000000fae80000)
 ParOldGen       total 634880K, used 488943K [0x0000000080000000, 0x00000000a6c00000, 0x00000000d5580000)
  object space 634880K, 77% used [0x0000000080000000,0x000000009dd7bde8,0x00000000a6c00000)
 Metaspace       used 272803K, capacity 285654K, committed 287064K, reserved 1300480K
  class space    used 31772K, capacity 34101K, committed 35456K, reserved 1048576K
Event: 30592.143 GC heap after
Heap after GC invocations=525 (full 26):
 PSYoungGen      total 615424K, used 11253K [0x00000000d5580000, 0x00000000ffa80000, 0x0000000100000000)
  eden space 604160K, 0% used [0x00000000d5580000,0x00000000d5580000,0x00000000fa380000)
  from space 11264K, 99% used [0x00000000fa380000,0x00000000fae7d728,0x00000000fae80000)
  to   space 44544K, 0% used [0x00000000fcf00000,0x00000000fcf00000,0x00000000ffa80000)
 ParOldGen       total 634880K, used 496642K [0x0000000080000000, 0x00000000a6c00000, 0x00000000d5580000)
  object space 634880K, 78% used [0x0000000080000000,0x000000009e500b50,0x00000000a6c00000)
 Metaspace       used 272803K, capacity 285654K, committed 287064K, reserved 1300480K
  class space    used 31772K, capacity 34101K, committed 35456K, reserved 1048576K
}
Event: 30592.513 GC heap before
{Heap before GC invocations=526 (full 26):
 PSYoungGen      total 615424K, used 615413K [0x00000000d5580000, 0x00000000ffa80000, 0x0000000100000000)
  eden space 604160K, 100% used [0x00000000d5580000,0x00000000fa380000,0x00000000fa380000)
  from space 11264K, 99% used [0x00000000fa380000,0x00000000fae7d728,0x00000000fae80000)
  to   space 44544K, 0% used [0x00000000fcf00000,0x00000000fcf00000,0x00000000ffa80000)
 ParOldGen       total 634880K, used 496642K [0x0000000080000000, 0x00000000a6c00000, 0x00000000d5580000)
  object space 634880K, 78% used [0x0000000080000000,0x000000009e500b50,0x00000000a6c00000)
 Metaspace       used 272803K, capacity 285654K, committed 287064K, reserved 1300480K
  class space    used 31772K, capacity 34101K, committed 35456K, reserved 1048576K
Event: 30592.538 GC heap after
Heap after GC invocations=526 (full 26):
 PSYoungGen      total 648704K, used 7240K [0x00000000d5580000, 0x00000000ffa80000, 0x0000000100000000)
  eden space 604160K, 0% used [0x00000000d5580000,0x00000000d5580000,0x00000000fa380000)
  from space 44544K, 16% used [0x00000000fcf00000,0x00000000fd612230,0x00000000ffa80000)
  to   space 11264K, 0% used [0x00000000fa380000,0x00000000fa380000,0x00000000fae80000)
 ParOldGen       total 634880K, used 501254K [0x0000000080000000, 0x00000000a6c00000, 0x00000000d5580000)
  object space 634880K, 78% used [0x0000000080000000,0x000000009e981870,0x00000000a6c00000)
 Metaspace       used 272803K, capacity 285654K, committed 287064K, reserved 1300480K
  class space    used 31772K, capacity 34101K, committed 35456K, reserved 1048576K
}
Event: 30593.060 GC heap before
{Heap before GC invocations=527 (full 26):
 PSYoungGen      total 648704K, used 611400K [0x00000000d5580000, 0x00000000ffa80000, 0x0000000100000000)
  eden space 604160K, 100% used [0x00000000d5580000,0x00000000fa380000,0x00000000fa380000)
  from space 44544K, 16% used [0x00000000fcf00000,0x00000000fd612230,0x00000000ffa80000)
  to   space 11264K, 0% used [0x00000000fa380000,0x00000000fa380000,0x00000000fae80000)
 ParOldGen       total 634880K, used 501254K [0x0000000080000000, 0x00000000a6c00000, 0x00000000d5580000)
  object space 634880K, 78% used [0x0000000080000000,0x000000009e981870,0x00000000a6c00000)
 Metaspace       used 272803K, capacity 285654K, committed 287064K, reserved 1300480K
  class space    used 31772K, capacity 34101K, committed 35456K, reserved 1048576K
Event: 30593.075 GC heap after
Heap after GC invocations=527 (full 26):
 PSYoungGen      total 615424K, used 7564K [0x00000000d5580000, 0x00000000ffa80000, 0x0000000100000000)
  eden space 604160K, 0% used [0x00000000d5580000,0x00000000d5580000,0x00000000fa380000)
  from space 11264K, 67% used [0x00000000fa380000,0x00000000faae3258,0x00000000fae80000)
  to   space 44544K, 0% used [0x00000000fcf00000,0x00000000fcf00000,0x00000000ffa80000)
 ParOldGen       total 634880K, used 503111K [0x0000000080000000, 0x00000000a6c00000, 0x00000000d5580000)
  object space 634880K, 79% used [0x0000000080000000,0x000000009eb51f18,0x00000000a6c00000)
 Metaspace       used 272803K, capacity 285654K, committed 287064K, reserved 1300480K
  class space    used 31772K, capacity 34101K, committed 35456K, reserved 1048576K
}

