# JRE version: OpenJDK Runtime Environment (8.0_242-b01) (build 1.8.0_242-release-1644-b01)
# Java VM: OpenJDK 64-Bit Server VM (25.242-b01 mixed mode windows-amd64 compressed oops)
Heap:
 PSYoungGen      total 662016K, used 583079K [0x00000000d5580000, 0x00000000ffb80000, 0x0000000100000000)
  eden space 631808K, 90% used [0x00000000d5580000,0x00000000f8130ae8,0x00000000fbe80000)
  from space 30208K, 46% used [0x00000000fde00000,0x00000000febb9408,0x00000000ffb80000)
  to   space 31232K, 0% used [0x00000000fbe80000,0x00000000fbe80000,0x00000000fdd00000)
 ParOldGen       total 447488K, used 362944K [0x0000000080000000, 0x000000009b500000, 0x00000000d5580000)
  object space 447488K, 81% used [0x0000000080000000,0x00000000962701b8,0x000000009b500000)
 Metaspace       used 204394K, capacity 215346K, committed 225752K, reserved 1247232K
  class space    used 24446K, capacity 26374K, committed 28416K, reserved 1048576K
GC Heap History (10 events):
Event: 34322.609 GC heap before
{Heap before GC invocations=464 (full 32):
 PSYoungGen      total 652800K, used 618146K [0x00000000d5580000, 0x0000000100000000, 0x0000000100000000)
  eden space 613376K, 100% used [0x00000000d5580000,0x00000000fac80000,0x00000000fac80000)
  from space 39424K, 12% used [0x00000000fac80000,0x00000000fb128960,0x00000000fd300000)
  to   space 38400K, 0% used [0x00000000fda80000,0x00000000fda80000,0x0000000100000000)
 ParOldGen       total 447488K, used 332229K [0x0000000080000000, 0x000000009b500000, 0x00000000d5580000)
  object space 447488K, 74% used [0x0000000080000000,0x0000000094471740,0x000000009b500000)
 Metaspace       used 204392K, capacity 215346K, committed 225752K, reserved 1247232K
  class space    used 24446K, capacity 26374K, committed 28416K, reserved 1048576K
Event: 34322.623 GC heap after
Heap after GC invocations=464 (full 32):
 PSYoungGen      total 657408K, used 17956K [0x00000000d5580000, 0x00000000ffe00000, 0x0000000100000000)
  eden space 621056K, 0% used [0x00000000d5580000,0x00000000d5580000,0x00000000fb400000)
  from space 36352K, 49% used [0x00000000fda80000,0x00000000fec093b8,0x00000000ffe00000)
  to   space 37888K, 0% used [0x00000000fb400000,0x00000000fb400000,0x00000000fd900000)
 ParOldGen       total 447488K, used 333866K [0x0000000080000000, 0x000000009b500000, 0x00000000d5580000)
  object space 447488K, 74% used [0x0000000080000000,0x000000009460a8f0,0x000000009b500000)
 Metaspace       used 204392K, capacity 215346K, committed 225752K, reserved 1247232K
  class space    used 24446K, capacity 26374K, committed 28416K, reserved 1048576K
}
Event: 34322.887 GC heap before
{Heap before GC invocations=465 (full 32):
 PSYoungGen      total 657408K, used 639012K [0x00000000d5580000, 0x00000000ffe00000, 0x0000000100000000)
  eden space 621056K, 100% used [0x00000000d5580000,0x00000000fb400000,0x00000000fb400000)
  from space 36352K, 49% used [0x00000000fda80000,0x00000000fec093b8,0x00000000ffe00000)
  to   space 37888K, 0% used [0x00000000fb400000,0x00000000fb400000,0x00000000fd900000)
 ParOldGen       total 447488K, used 333866K [0x0000000080000000, 0x000000009b500000, 0x00000000d5580000)
  object space 447488K, 74% used [0x0000000080000000,0x000000009460a8f0,0x000000009b500000)
 Metaspace       used 204393K, capacity 215346K, committed 225752K, reserved 1247232K
  class space    used 24446K, capacity 26374K, committed 28416K, reserved 1048576K
Event: 34322.912 GC heap after
Heap after GC invocations=465 (full 32):
 PSYoungGen      total 658944K, used 14690K [0x00000000d5580000, 0x00000000ffd80000, 0x0000000100000000)
  eden space 621056K, 0% used [0x00000000d5580000,0x00000000d5580000,0x00000000fb400000)
  from space 37888K, 38% used [0x00000000fb400000,0x00000000fc258b40,0x00000000fd900000)
  to   space 35840K, 0% used [0x00000000fda80000,0x00000000fda80000,0x00000000ffd80000)
 ParOldGen       total 447488K, used 345220K [0x0000000080000000, 0x000000009b500000, 0x00000000d5580000)
  object space 447488K, 77% used [0x0000000080000000,0x0000000095121158,0x000000009b500000)
 Metaspace       used 204393K, capacity 215346K, committed 225752K, reserved 1247232K
  class space    used 24446K, capacity 26374K, committed 28416K, reserved 1048576K
}
Event: 34323.269 GC heap before
{Heap before GC invocations=466 (full 32):
 PSYoungGen      total 658944K, used 635746K [0x00000000d5580000, 0x00000000ffd80000, 0x0000000100000000)
  eden space 621056K, 100% used [0x00000000d5580000,0x00000000fb400000,0x00000000fb400000)
  from space 37888K, 38% used [0x00000000fb400000,0x00000000fc258b40,0x00000000fd900000)
  to   space 35840K, 0% used [0x00000000fda80000,0x00000000fda80000,0x00000000ffd80000)
 ParOldGen       total 447488K, used 345342K [0x0000000080000000, 0x000000009b500000, 0x00000000d5580000)
  object space 447488K, 77% used [0x0000000080000000,0x000000009513f920,0x000000009b500000)
 Metaspace       used 204393K, capacity 215346K, committed 225752K, reserved 1247232K
  class space    used 24446K, capacity 26374K, committed 28416K, reserved 1048576K
Event: 34323.305 GC heap after
Heap after GC invocations=466 (full 32):
 PSYoungGen      total 658432K, used 9702K [0x00000000d5580000, 0x00000000ffb00000, 0x0000000100000000)
  eden space 625152K, 0% used [0x00000000d5580000,0x00000000d5580000,0x00000000fb800000)
  from space 33280K, 29% used [0x00000000fda80000,0x00000000fe3f9a58,0x00000000ffb00000)
  to   space 34304K, 0% used [0x00000000fb800000,0x00000000fb800000,0x00000000fd980000)
 ParOldGen       total 447488K, used 352687K [0x0000000080000000, 0x000000009b500000, 0x00000000d5580000)
  object space 447488K, 78% used [0x0000000080000000,0x000000009586bdb0,0x000000009b500000)
 Metaspace       used 204393K, capacity 215346K, committed 225752K, reserved 1247232K
  class space    used 24446K, capacity 26374K, committed 28416K, reserved 1048576K
}
Event: 34323.590 GC heap before
{Heap before GC invocations=467 (full 32):
 PSYoungGen      total 658432K, used 634854K [0x00000000d5580000, 0x00000000ffb00000, 0x0000000100000000)
  eden space 625152K, 100% used [0x00000000d5580000,0x00000000fb800000,0x00000000fb800000)
  from space 33280K, 29% used [0x00000000fda80000,0x00000000fe3f9a58,0x00000000ffb00000)
  to   space 34304K, 0% used [0x00000000fb800000,0x00000000fb800000,0x00000000fd980000)
 ParOldGen       total 447488K, used 352688K [0x0000000080000000, 0x000000009b500000, 0x00000000d5580000)
  object space 447488K, 78% used [0x0000000080000000,0x000000009586c3f0,0x000000009b500000)
 Metaspace       used 204393K, capacity 215346K, committed 225752K, reserved 1247232K
  class space    used 24446K, capacity 26374K, committed 28416K, reserved 1048576K
Event: 34323.616 GC heap after
Heap after GC invocations=467 (full 32):
 PSYoungGen      total 659456K, used 14387K [0x00000000d5580000, 0x00000000ffe00000, 0x0000000100000000)
  eden space 625152K, 0% used [0x00000000d5580000,0x00000000d5580000,0x00000000fb800000)
  from space 34304K, 41% used [0x00000000fb800000,0x00000000fc60cfe0,0x00000000fd980000)
  to   space 32768K, 0% used [0x00000000fde00000,0x00000000fde00000,0x00000000ffe00000)
 ParOldGen       total 447488K, used 357727K [0x0000000080000000, 0x000000009b500000, 0x00000000d5580000)
  object space 447488K, 79% used [0x0000000080000000,0x0000000095d57e10,0x000000009b500000)
 Metaspace       used 204393K, capacity 215346K, committed 225752K, reserved 1247232K
  class space    used 24446K, capacity 26374K, committed 28416K, reserved 1048576K
}
Event: 34324.070 GC heap before
{Heap before GC invocations=468 (full 32):
 PSYoungGen      total 659456K, used 639539K [0x00000000d5580000, 0x00000000ffe00000, 0x0000000100000000)
  eden space 625152K, 100% used [0x00000000d5580000,0x00000000fb800000,0x00000000fb800000)
  from space 34304K, 41% used [0x00000000fb800000,0x00000000fc60cfe0,0x00000000fd980000)
  to   space 32768K, 0% used [0x00000000fde00000,0x00000000fde00000,0x00000000ffe00000)
 ParOldGen       total 447488K, used 357727K [0x0000000080000000, 0x000000009b500000, 0x00000000d5580000)
  object space 447488K, 79% used [0x0000000080000000,0x0000000095d57e10,0x000000009b500000)
 Metaspace       used 204394K, capacity 215346K, committed 225752K, reserved 1247232K
  class space    used 24446K, capacity 26374K, committed 28416K, reserved 1048576K
Event: 34324.098 GC heap after
Heap after GC invocations=468 (full 32):
 PSYoungGen      total 662016K, used 14053K [0x00000000d5580000, 0x00000000ffb80000, 0x0000000100000000)
  eden space 631808K, 0% used [0x00000000d5580000,0x00000000d5580000,0x00000000fbe80000)
  from space 30208K, 46% used [0x00000000fde00000,0x00000000febb9408,0x00000000ffb80000)
  to   space 31232K, 0% used [0x00000000fbe80000,0x00000000fbe80000,0x00000000fdd00000)
 ParOldGen       total 447488K, used 362944K [0x0000000080000000, 0x000000009b500000, 0x00000000d5580000)
  object space 447488K, 81% used [0x0000000080000000,0x00000000962701b8,0x000000009b500000)
 Metaspace       used 204394K, capacity 215346K, committed 225752K, reserved 1247232K
  class space    used 24446K, capacity 26374K, committed 28416K, reserved 1048576K
}

